q:\smartlaparoproject\vscockpit\cockpitengine\x64\debug\moc_wslogger.obj
q:\smartlaparoproject\vscockpit\cockpitengine\x64\debug\moc_keypresseater.obj
q:\smartlaparoproject\vscockpit\cockpitengine\x64\debug\wslogger.obj
q:\smartlaparoproject\vscockpit\cockpitengine\x64\debug\mainwindow.obj
q:\smartlaparoproject\vscockpit\cockpitengine\x64\debug\moc_mainwindow.obj
q:\smartlaparoproject\vscockpit\cockpitengine\x64\debug\robot_kinematics.obj
q:\smartlaparoproject\vscockpit\cockpitengine\x64\debug\moc_smartledstripclient.obj
q:\smartlaparoproject\vscockpit\cockpitengine\x64\debug\joint_position_controller.obj
q:\smartlaparoproject\vscockpit\cockpitengine\x64\debug\instrument.obj
q:\smartlaparoproject\vscockpit\cockpitengine\x64\debug\follow_tip_controller.obj
q:\smartlaparoproject\vscockpit\cockpitengine\x64\debug\viscous_fields.obj
q:\smartlaparoproject\vscockpit\cockpitengine\x64\debug\intelligent_switch.obj
q:\smartlaparoproject\vscockpit\cockpitengine\x64\debug\camera_angle_controller.obj
q:\smartlaparoproject\vscockpit\cockpitengine\x64\debug\robot.obj
q:\smartlaparoproject\vscockpit\cockpitengine\x64\debug\trocar_detection.obj
q:\smartlaparoproject\vscockpit\cockpitengine\x64\debug\gravity_compensation.obj
q:\smartlaparoproject\vscockpit\cockpitengine\x64\debug\wall_controller.obj
q:\smartlaparoproject\vscockpit\cockpitengine\debug\moc_keypresseater.cpp
q:\smartlaparoproject\vscockpit\cockpitengine\debug\moc_mainwindow.cpp
q:\smartlaparoproject\vscockpit\cockpitengine\debug\moc_smartledstripclient.cpp
q:\smartlaparoproject\vscockpit\cockpitengine\debug\moc_wslogger.cpp
q:\smartlaparoproject\vscockpit\cockpitengine\debug\moc_predefs.h
q:\smartlaparoproject\vscockpit\cockpitengine\debug\cockpitengine.ilk
q:\smartlaparoproject\vscockpit\cockpitengine\debug\cockpitengine.exe
q:\smartlaparoproject\vscockpit\cockpitengine\debug\cockpitengine.pdb
q:\smartlaparoproject\vscockpit\cockpitengine\x64\debug\main.obj
q:\smartlaparoproject\vscockpit\cockpitengine\x64\debug\vc142.pdb
q:\smartlaparoproject\vscockpit\cockpitengine\x64\debug\cockpitengine.tlog\cl.command.1.tlog
q:\smartlaparoproject\vscockpit\cockpitengine\x64\debug\cockpitengine.tlog\cl.write.1.tlog
q:\smartlaparoproject\vscockpit\cockpitengine\x64\debug\cockpitengine.tlog\cockpitengine.write.1u.tlog
q:\smartlaparoproject\vscockpit\cockpitengine\x64\debug\cockpitengine.tlog\custombuild.command.1.tlog
q:\smartlaparoproject\vscockpit\cockpitengine\x64\debug\cockpitengine.tlog\custombuild.read.1.tlog
q:\smartlaparoproject\vscockpit\cockpitengine\x64\debug\cockpitengine.tlog\custombuild.write.1.tlog
q:\smartlaparoproject\vscockpit\cockpitengine\x64\debug\cockpitengine.tlog\link.command.1.tlog
q:\smartlaparoproject\vscockpit\cockpitengine\x64\debug\cockpitengine.tlog\link.read.1.tlog
q:\smartlaparoproject\vscockpit\cockpitengine\x64\debug\cockpitengine.tlog\link.write.1.tlog
q:\smartlaparoproject\vscockpit\cockpitengine\x64\debug\cockpitengine.tlog\moc.read.1u.tlog
q:\smartlaparoproject\vscockpit\cockpitengine\x64\debug\cockpitengine.tlog\moc.write.1u.tlog
